https://www.upwork.com/ab/jobs/search/url?per_page=50&sort=recency&subcategory2_uid=531770282584862733&t=0&client_hires=0
https://www.upwork.com/ab/jobs/search/url?per_page=50&sort=recency&subcategory2_uid=531770282584862733&t=0&client_hires=0&page=2
https://www.upwork.com/ab/jobs/search/url?per_page=50&sort=recency&subcategory2_uid=531770282584862733&t=0&client_hires=0&page=3
https://www.upwork.com/ab/jobs/search/url?per_page=50&sort=recency&subcategory2_uid=531770282584862733&t=0&client_hires=0&page=4
https://www.upwork.com/ab/jobs/search/url?per_page=50&sort=recency&subcategory2_uid=531770282584862733&t=0&client_hires=0&page=5
https://www.upwork.com/ab/jobs/search/url?per_page=50&sort=recency&subcategory2_uid=531770282584862733&t=0&client_hires=0&page=6
https://www.upwork.com/ab/jobs/search/url?per_page=50&sort=recency&subcategory2_uid=531770282584862733&t=0&client_hires=0&page=7
https://www.upwork.com/ab/jobs/search/url?per_page=50&sort=recency&subcategory2_uid=531770282584862733&t=0&client_hires=0&page=8
https://www.upwork.com/ab/jobs/search/url?per_page=50&sort=recency&subcategory2_uid=531770282584862733&t=0&client_hires=0&page=9
https://www.upwork.com/ab/jobs/search/url?per_page=50&sort=recency&subcategory2_uid=531770282584862733&t=0&client_hires=0&page=10
https://www.upwork.com/ab/jobs/search/url?per_page=50&sort=recency&subcategory2_uid=531770282584862733&t=0&client_hires=0&page=11
https://www.upwork.com/ab/jobs/search/url?per_page=50&sort=recency&subcategory2_uid=531770282584862733&t=0&client_hires=0&page=12
https://www.upwork.com/ab/jobs/search/url?per_page=50&sort=recency&subcategory2_uid=531770282584862733&t=0&client_hires=0&page=13
https://www.upwork.com/ab/jobs/search/url?per_page=50&sort=recency&subcategory2_uid=531770282584862733&t=0&client_hires=0&page=14
https://www.upwork.com/ab/jobs/search/url?per_page=50&sort=recency&subcategory2_uid=531770282584862733&t=0&client_hires=0&page=15
https://www.upwork.com/ab/jobs/search/url?per_page=50&sort=recency&subcategory2_uid=531770282584862733&t=0&client_hires=0&page=16
https://www.upwork.com/ab/jobs/search/url?per_page=50&sort=recency&subcategory2_uid=531770282584862733&t=0&client_hires=0&page=17
https://www.upwork.com/ab/jobs/search/url?per_page=50&sort=recency&subcategory2_uid=531770282584862733&t=0&client_hires=0&page=18
https://www.upwork.com/ab/jobs/search/url?per_page=50&sort=recency&subcategory2_uid=531770282584862733&t=0&client_hires=0&page=19
https://www.upwork.com/ab/jobs/search/url?per_page=50&sort=recency&subcategory2_uid=531770282584862733&t=0&client_hires=0&page=20
https://www.upwork.com/ab/jobs/search/url?per_page=50&sort=recency&subcategory2_uid=531770282584862733&t=0&client_hires=0&page=21
https://www.upwork.com/ab/jobs/search/url?per_page=50&sort=recency&subcategory2_uid=531770282584862733&t=0&client_hires=0&page=22
https://www.upwork.com/ab/jobs/search/url?per_page=50&sort=recency&subcategory2_uid=531770282584862733&t=0&client_hires=0&page=23
https://www.upwork.com/ab/jobs/search/url?per_page=50&sort=recency&subcategory2_uid=531770282584862733&t=0&client_hires=0&page=24
https://www.upwork.com/ab/jobs/search/url?per_page=50&sort=recency&subcategory2_uid=531770282584862733&t=0&client_hires=0&page=25
https://www.upwork.com/ab/jobs/search/url?per_page=50&sort=recency&subcategory2_uid=531770282584862733&t=0&client_hires=0&page=26
https://www.upwork.com/ab/jobs/search/url?per_page=50&sort=recency&subcategory2_uid=531770282584862733&t=0&client_hires=0&page=27
https://www.upwork.com/ab/jobs/search/url?per_page=50&sort=recency&subcategory2_uid=531770282584862733&t=0&client_hires=0&page=28
https://www.upwork.com/ab/jobs/search/url?per_page=50&sort=recency&subcategory2_uid=531770282584862733&t=0&client_hires=0&page=29
https://www.upwork.com/ab/jobs/search/url?per_page=50&sort=recency&subcategory2_uid=531770282584862733&t=0&client_hires=0&page=30
https://www.upwork.com/ab/jobs/search/url?per_page=50&sort=recency&subcategory2_uid=531770282584862733&t=0&client_hires=0&page=31
https://www.upwork.com/ab/jobs/search/url?per_page=50&sort=recency&subcategory2_uid=531770282584862733&t=0&client_hires=0&page=32
https://www.upwork.com/ab/jobs/search/url?per_page=50&sort=recency&subcategory2_uid=531770282584862733&t=0&client_hires=0&page=33
https://www.upwork.com/ab/jobs/search/url?per_page=50&sort=recency&subcategory2_uid=531770282584862733&t=0&client_hires=0&page=34
https://www.upwork.com/ab/jobs/search/url?per_page=50&sort=recency&subcategory2_uid=531770282584862733&t=0&client_hires=0&page=35
https://www.upwork.com/ab/jobs/search/url?per_page=50&sort=recency&subcategory2_uid=531770282584862733&t=0&client_hires=0&page=36
https://www.upwork.com/ab/jobs/search/url?per_page=50&sort=recency&subcategory2_uid=531770282584862733&t=0&client_hires=0&page=37
https://www.upwork.com/ab/jobs/search/url?per_page=50&sort=recency&subcategory2_uid=531770282584862733&t=0&client_hires=0&page=38
https://www.upwork.com/ab/jobs/search/url?per_page=50&sort=recency&subcategory2_uid=531770282584862733&t=0&client_hires=0&page=39
https://www.upwork.com/ab/jobs/search/url?per_page=50&sort=recency&subcategory2_uid=531770282584862733&t=0&client_hires=0&page=40
https://www.upwork.com/ab/jobs/search/url?per_page=50&sort=recency&subcategory2_uid=531770282584862733&t=0&client_hires=0&page=41
https://www.upwork.com/ab/jobs/search/url?per_page=50&sort=recency&subcategory2_uid=531770282584862733&t=0&client_hires=0&page=42
https://www.upwork.com/ab/jobs/search/url?per_page=50&sort=recency&subcategory2_uid=531770282584862733&t=0&client_hires=0&page=43
https://www.upwork.com/ab/jobs/search/url?per_page=50&sort=recency&subcategory2_uid=531770282584862733&t=0&client_hires=0&page=44
https://www.upwork.com/ab/jobs/search/url?per_page=50&sort=recency&subcategory2_uid=531770282584862733&t=0&client_hires=0&page=45
https://www.upwork.com/ab/jobs/search/url?per_page=50&sort=recency&subcategory2_uid=531770282584862733&t=0&client_hires=0&page=46
https://www.upwork.com/ab/jobs/search/url?per_page=50&sort=recency&subcategory2_uid=531770282584862733&t=0&client_hires=0&page=47
https://www.upwork.com/ab/jobs/search/url?per_page=50&sort=recency&subcategory2_uid=531770282584862733&t=0&client_hires=0&page=48
https://www.upwork.com/ab/jobs/search/url?per_page=50&sort=recency&subcategory2_uid=531770282584862733&t=0&client_hires=0&page=49
https://www.upwork.com/ab/jobs/search/url?per_page=50&sort=recency&subcategory2_uid=531770282584862733&t=0&client_hires=0&page=50
https://www.upwork.com/ab/jobs/search/url?per_page=50&sort=recency&subcategory2_uid=531770282584862733&t=0&client_hires=0&page=51
https://www.upwork.com/ab/jobs/search/url?per_page=50&sort=recency&subcategory2_uid=531770282584862733&t=0&client_hires=0&page=52
https://www.upwork.com/ab/jobs/search/url?per_page=50&sort=recency&subcategory2_uid=531770282584862733&t=0&client_hires=0&page=53
https://www.upwork.com/ab/jobs/search/url?per_page=50&sort=recency&subcategory2_uid=531770282584862733&t=0&client_hires=0&page=54
https://www.upwork.com/ab/jobs/search/url?per_page=50&sort=recency&subcategory2_uid=531770282584862733&t=0&client_hires=0&page=55
https://www.upwork.com/ab/jobs/search/url?per_page=50&sort=recency&subcategory2_uid=531770282584862733&t=0&client_hires=0&page=56
https://www.upwork.com/ab/jobs/search/url?per_page=50&sort=recency&subcategory2_uid=531770282584862733&t=0&client_hires=0&page=57
https://www.upwork.com/ab/jobs/search/url?per_page=50&sort=recency&subcategory2_uid=531770282584862733&t=0&client_hires=0&page=58
https://www.upwork.com/ab/jobs/search/url?per_page=50&sort=recency&subcategory2_uid=531770282584862733&t=0&client_hires=0&page=59
https://www.upwork.com/ab/jobs/search/url?per_page=50&sort=recency&subcategory2_uid=531770282584862733&t=0&client_hires=0&page=60
https://www.upwork.com/ab/jobs/search/url?per_page=50&sort=recency&subcategory2_uid=531770282584862733&t=0&client_hires=0&page=61
https://www.upwork.com/ab/jobs/search/url?per_page=50&sort=recency&subcategory2_uid=531770282584862733&t=0&client_hires=0&page=62
https://www.upwork.com/ab/jobs/search/url?per_page=50&sort=recency&subcategory2_uid=531770282584862733&t=0&client_hires=0&page=63
https://www.upwork.com/ab/jobs/search/url?per_page=50&sort=recency&subcategory2_uid=531770282584862733&t=0&client_hires=0&page=64
https://www.upwork.com/ab/jobs/search/url?per_page=50&sort=recency&subcategory2_uid=531770282584862733&t=0&client_hires=0&page=65
https://www.upwork.com/ab/jobs/search/url?per_page=50&sort=recency&subcategory2_uid=531770282584862733&t=0&client_hires=0&page=66
https://www.upwork.com/ab/jobs/search/url?per_page=50&sort=recency&subcategory2_uid=531770282584862733&t=0&client_hires=0&page=67
https://www.upwork.com/ab/jobs/search/url?per_page=50&sort=recency&subcategory2_uid=531770282584862733&t=0&client_hires=0&page=68
https://www.upwork.com/ab/jobs/search/url?per_page=50&sort=recency&subcategory2_uid=531770282584862733&t=0&client_hires=0&page=69
https://www.upwork.com/ab/jobs/search/url?per_page=50&sort=recency&subcategory2_uid=531770282584862733&t=0&client_hires=0&page=70
https://www.upwork.com/ab/jobs/search/url?per_page=50&sort=recency&subcategory2_uid=531770282584862733&t=0&client_hires=0&page=71
https://www.upwork.com/ab/jobs/search/url?per_page=50&sort=recency&subcategory2_uid=531770282584862733&t=0&client_hires=0&page=72
https://www.upwork.com/ab/jobs/search/url?per_page=50&sort=recency&subcategory2_uid=531770282584862733&t=0&client_hires=0&page=73
https://www.upwork.com/ab/jobs/search/url?per_page=50&sort=recency&subcategory2_uid=531770282584862733&t=0&client_hires=0&page=74
https://www.upwork.com/ab/jobs/search/url?per_page=50&sort=recency&subcategory2_uid=531770282584862733&t=0&client_hires=0&page=75
https://www.upwork.com/ab/jobs/search/url?per_page=50&sort=recency&subcategory2_uid=531770282584862733&t=0&client_hires=0&page=76
https://www.upwork.com/ab/jobs/search/url?per_page=50&sort=recency&subcategory2_uid=531770282584862733&t=0&client_hires=0&page=77
https://www.upwork.com/ab/jobs/search/url?per_page=50&sort=recency&subcategory2_uid=531770282584862733&t=0&client_hires=0&page=78
https://www.upwork.com/ab/jobs/search/url?per_page=50&sort=recency&subcategory2_uid=531770282584862733&t=0&client_hires=0&page=79
https://www.upwork.com/ab/jobs/search/url?per_page=50&sort=recency&subcategory2_uid=531770282584862733&t=0&client_hires=0&page=80
https://www.upwork.com/ab/jobs/search/url?per_page=50&sort=recency&subcategory2_uid=531770282584862733&t=0&client_hires=0&page=81
https://www.upwork.com/ab/jobs/search/url?per_page=50&sort=recency&subcategory2_uid=531770282584862733&t=0&client_hires=0&page=82
https://www.upwork.com/ab/jobs/search/url?per_page=50&sort=recency&subcategory2_uid=531770282584862733&t=0&client_hires=0&page=83
https://www.upwork.com/ab/jobs/search/url?per_page=50&sort=recency&subcategory2_uid=531770282584862733&t=0&client_hires=0&page=84
https://www.upwork.com/ab/jobs/search/url?per_page=50&sort=recency&subcategory2_uid=531770282584862733&t=0&client_hires=0&page=85
https://www.upwork.com/ab/jobs/search/url?per_page=50&sort=recency&subcategory2_uid=531770282584862733&t=0&client_hires=0&page=86
https://www.upwork.com/ab/jobs/search/url?per_page=50&sort=recency&subcategory2_uid=531770282584862733&t=0&client_hires=0&page=87
https://www.upwork.com/ab/jobs/search/url?per_page=50&sort=recency&subcategory2_uid=531770282584862733&t=0&client_hires=0&page=88
https://www.upwork.com/ab/jobs/search/url?per_page=50&sort=recency&subcategory2_uid=531770282584862733&t=0&client_hires=0&page=89
https://www.upwork.com/ab/jobs/search/url?per_page=50&sort=recency&subcategory2_uid=531770282584862733&t=0&client_hires=0&page=90
https://www.upwork.com/ab/jobs/search/url?per_page=50&sort=recency&subcategory2_uid=531770282584862733&t=0&client_hires=0&page=91
https://www.upwork.com/ab/jobs/search/url?per_page=50&sort=recency&subcategory2_uid=531770282584862733&t=0&client_hires=0&page=92
https://www.upwork.com/ab/jobs/search/url?per_page=50&sort=recency&subcategory2_uid=531770282584862733&t=0&client_hires=0&page=93
https://www.upwork.com/ab/jobs/search/url?per_page=50&sort=recency&subcategory2_uid=531770282584862733&t=0&client_hires=0&page=94
***
https://www.upwork.com/ab/jobs/search/url?per_page=50&sort=recency&subcategory2_uid=531770282584862733&t=0&client_hires=1-9
https://www.upwork.com/ab/jobs/search/url?per_page=50&sort=recency&subcategory2_uid=531770282584862733&t=0&client_hires=1-9&page=2
https://www.upwork.com/ab/jobs/search/url?per_page=50&sort=recency&subcategory2_uid=531770282584862733&t=0&client_hires=1-9&page=3
https://www.upwork.com/ab/jobs/search/url?per_page=50&sort=recency&subcategory2_uid=531770282584862733&t=0&client_hires=1-9&page=4
https://www.upwork.com/ab/jobs/search/url?per_page=50&sort=recency&subcategory2_uid=531770282584862733&t=0&client_hires=1-9&page=5
https://www.upwork.com/ab/jobs/search/url?per_page=50&sort=recency&subcategory2_uid=531770282584862733&t=0&client_hires=1-9&page=6
https://www.upwork.com/ab/jobs/search/url?per_page=50&sort=recency&subcategory2_uid=531770282584862733&t=0&client_hires=1-9&page=7
https://www.upwork.com/ab/jobs/search/url?per_page=50&sort=recency&subcategory2_uid=531770282584862733&t=0&client_hires=1-9&page=8
https://www.upwork.com/ab/jobs/search/url?per_page=50&sort=recency&subcategory2_uid=531770282584862733&t=0&client_hires=1-9&page=9
https://www.upwork.com/ab/jobs/search/url?per_page=50&sort=recency&subcategory2_uid=531770282584862733&t=0&client_hires=1-9&page=10
https://www.upwork.com/ab/jobs/search/url?per_page=50&sort=recency&subcategory2_uid=531770282584862733&t=0&client_hires=1-9&page=11
https://www.upwork.com/ab/jobs/search/url?per_page=50&sort=recency&subcategory2_uid=531770282584862733&t=0&client_hires=1-9&page=12
https://www.upwork.com/ab/jobs/search/url?per_page=50&sort=recency&subcategory2_uid=531770282584862733&t=0&client_hires=1-9&page=13
https://www.upwork.com/ab/jobs/search/url?per_page=50&sort=recency&subcategory2_uid=531770282584862733&t=0&client_hires=1-9&page=14
https://www.upwork.com/ab/jobs/search/url?per_page=50&sort=recency&subcategory2_uid=531770282584862733&t=0&client_hires=1-9&page=15
https://www.upwork.com/ab/jobs/search/url?per_page=50&sort=recency&subcategory2_uid=531770282584862733&t=0&client_hires=1-9&page=16
https://www.upwork.com/ab/jobs/search/url?per_page=50&sort=recency&subcategory2_uid=531770282584862733&t=0&client_hires=1-9&page=17
https://www.upwork.com/ab/jobs/search/url?per_page=50&sort=recency&subcategory2_uid=531770282584862733&t=0&client_hires=1-9&page=18
https://www.upwork.com/ab/jobs/search/url?per_page=50&sort=recency&subcategory2_uid=531770282584862733&t=0&client_hires=1-9&page=19
https://www.upwork.com/ab/jobs/search/url?per_page=50&sort=recency&subcategory2_uid=531770282584862733&t=0&client_hires=1-9&page=20
https://www.upwork.com/ab/jobs/search/url?per_page=50&sort=recency&subcategory2_uid=531770282584862733&t=0&client_hires=1-9&page=21
https://www.upwork.com/ab/jobs/search/url?per_page=50&sort=recency&subcategory2_uid=531770282584862733&t=0&client_hires=1-9&page=22
https://www.upwork.com/ab/jobs/search/url?per_page=50&sort=recency&subcategory2_uid=531770282584862733&t=0&client_hires=1-9&page=23
https://www.upwork.com/ab/jobs/search/url?per_page=50&sort=recency&subcategory2_uid=531770282584862733&t=0&client_hires=1-9&page=24
https://www.upwork.com/ab/jobs/search/url?per_page=50&sort=recency&subcategory2_uid=531770282584862733&t=0&client_hires=1-9&page=25
https://www.upwork.com/ab/jobs/search/url?per_page=50&sort=recency&subcategory2_uid=531770282584862733&t=0&client_hires=1-9&page=26
https://www.upwork.com/ab/jobs/search/url?per_page=50&sort=recency&subcategory2_uid=531770282584862733&t=0&client_hires=1-9&page=27
https://www.upwork.com/ab/jobs/search/url?per_page=50&sort=recency&subcategory2_uid=531770282584862733&t=0&client_hires=1-9&page=28
https://www.upwork.com/ab/jobs/search/url?per_page=50&sort=recency&subcategory2_uid=531770282584862733&t=0&client_hires=1-9&page=29
https://www.upwork.com/ab/jobs/search/url?per_page=50&sort=recency&subcategory2_uid=531770282584862733&t=0&client_hires=1-9&page=30
https://www.upwork.com/ab/jobs/search/url?per_page=50&sort=recency&subcategory2_uid=531770282584862733&t=0&client_hires=1-9&page=31
https://www.upwork.com/ab/jobs/search/url?per_page=50&sort=recency&subcategory2_uid=531770282584862733&t=0&client_hires=1-9&page=32
https://www.upwork.com/ab/jobs/search/url?per_page=50&sort=recency&subcategory2_uid=531770282584862733&t=0&client_hires=1-9&page=33
https://www.upwork.com/ab/jobs/search/url?per_page=50&sort=recency&subcategory2_uid=531770282584862733&t=0&client_hires=1-9&page=34
https://www.upwork.com/ab/jobs/search/url?per_page=50&sort=recency&subcategory2_uid=531770282584862733&t=0&client_hires=1-9&page=35
https://www.upwork.com/ab/jobs/search/url?per_page=50&sort=recency&subcategory2_uid=531770282584862733&t=0&client_hires=1-9&page=36
https://www.upwork.com/ab/jobs/search/url?per_page=50&sort=recency&subcategory2_uid=531770282584862733&t=0&client_hires=1-9&page=37
https://www.upwork.com/ab/jobs/search/url?per_page=50&sort=recency&subcategory2_uid=531770282584862733&t=0&client_hires=1-9&page=38
https://www.upwork.com/ab/jobs/search/url?per_page=50&sort=recency&subcategory2_uid=531770282584862733&t=0&client_hires=1-9&page=39
https://www.upwork.com/ab/jobs/search/url?per_page=50&sort=recency&subcategory2_uid=531770282584862733&t=0&client_hires=1-9&page=40
https://www.upwork.com/ab/jobs/search/url?per_page=50&sort=recency&subcategory2_uid=531770282584862733&t=0&client_hires=1-9&page=41
https://www.upwork.com/ab/jobs/search/url?per_page=50&sort=recency&subcategory2_uid=531770282584862733&t=0&client_hires=1-9&page=42
https://www.upwork.com/ab/jobs/search/url?per_page=50&sort=recency&subcategory2_uid=531770282584862733&t=0&client_hires=1-9&page=43
https://www.upwork.com/ab/jobs/search/url?per_page=50&sort=recency&subcategory2_uid=531770282584862733&t=0&client_hires=1-9&page=44
https://www.upwork.com/ab/jobs/search/url?per_page=50&sort=recency&subcategory2_uid=531770282584862733&t=0&client_hires=1-9&page=45
https://www.upwork.com/ab/jobs/search/url?per_page=50&sort=recency&subcategory2_uid=531770282584862733&t=0&client_hires=1-9&page=46
https://www.upwork.com/ab/jobs/search/url?per_page=50&sort=recency&subcategory2_uid=531770282584862733&t=0&client_hires=1-9&page=47
https://www.upwork.com/ab/jobs/search/url?per_page=50&sort=recency&subcategory2_uid=531770282584862733&t=0&client_hires=1-9&page=48
https://www.upwork.com/ab/jobs/search/url?per_page=50&sort=recency&subcategory2_uid=531770282584862733&t=0&client_hires=1-9&page=49
https://www.upwork.com/ab/jobs/search/url?per_page=50&sort=recency&subcategory2_uid=531770282584862733&t=0&client_hires=1-9&page=50
https://www.upwork.com/ab/jobs/search/url?per_page=50&sort=recency&subcategory2_uid=531770282584862733&t=0&client_hires=1-9&page=51
https://www.upwork.com/ab/jobs/search/url?per_page=50&sort=recency&subcategory2_uid=531770282584862733&t=0&client_hires=1-9&page=52
https://www.upwork.com/ab/jobs/search/url?per_page=50&sort=recency&subcategory2_uid=531770282584862733&t=0&client_hires=1-9&page=53
https://www.upwork.com/ab/jobs/search/url?per_page=50&sort=recency&subcategory2_uid=531770282584862733&t=0&client_hires=1-9&page=54
https://www.upwork.com/ab/jobs/search/url?per_page=50&sort=recency&subcategory2_uid=531770282584862733&t=0&client_hires=1-9&page=55
https://www.upwork.com/ab/jobs/search/url?per_page=50&sort=recency&subcategory2_uid=531770282584862733&t=0&client_hires=1-9&page=56
https://www.upwork.com/ab/jobs/search/url?per_page=50&sort=recency&subcategory2_uid=531770282584862733&t=0&client_hires=1-9&page=57
https://www.upwork.com/ab/jobs/search/url?per_page=50&sort=recency&subcategory2_uid=531770282584862733&t=0&client_hires=1-9&page=58
https://www.upwork.com/ab/jobs/search/url?per_page=50&sort=recency&subcategory2_uid=531770282584862733&t=0&client_hires=1-9&page=59
https://www.upwork.com/ab/jobs/search/url?per_page=50&sort=recency&subcategory2_uid=531770282584862733&t=0&client_hires=1-9&page=60
***
https://www.upwork.com/ab/jobs/search/url?per_page=50&sort=recency&subcategory2_uid=531770282584862733&t=0&client_hires=10-
https://www.upwork.com/ab/jobs/search/url?per_page=50&sort=recency&subcategory2_uid=531770282584862733&t=0&client_hires=10-&page=2
https://www.upwork.com/ab/jobs/search/url?per_page=50&sort=recency&subcategory2_uid=531770282584862733&t=0&client_hires=10-&page=3
https://www.upwork.com/ab/jobs/search/url?per_page=50&sort=recency&subcategory2_uid=531770282584862733&t=0&client_hires=10-&page=4
https://www.upwork.com/ab/jobs/search/url?per_page=50&sort=recency&subcategory2_uid=531770282584862733&t=0&client_hires=10-&page=5
https://www.upwork.com/ab/jobs/search/url?per_page=50&sort=recency&subcategory2_uid=531770282584862733&t=0&client_hires=10-&page=6
https://www.upwork.com/ab/jobs/search/url?per_page=50&sort=recency&subcategory2_uid=531770282584862733&t=0&client_hires=10-&page=7
https://www.upwork.com/ab/jobs/search/url?per_page=50&sort=recency&subcategory2_uid=531770282584862733&t=0&client_hires=10-&page=8
https://www.upwork.com/ab/jobs/search/url?per_page=50&sort=recency&subcategory2_uid=531770282584862733&t=0&client_hires=10-&page=9
https://www.upwork.com/ab/jobs/search/url?per_page=50&sort=recency&subcategory2_uid=531770282584862733&t=0&client_hires=10-&page=10
https://www.upwork.com/ab/jobs/search/url?per_page=50&sort=recency&subcategory2_uid=531770282584862733&t=0&client_hires=10-&page=11
https://www.upwork.com/ab/jobs/search/url?per_page=50&sort=recency&subcategory2_uid=531770282584862733&t=0&client_hires=10-&page=12
https://www.upwork.com/ab/jobs/search/url?per_page=50&sort=recency&subcategory2_uid=531770282584862733&t=0&client_hires=10-&page=13
https://www.upwork.com/ab/jobs/search/url?per_page=50&sort=recency&subcategory2_uid=531770282584862733&t=0&client_hires=10-&page=14
https://www.upwork.com/ab/jobs/search/url?per_page=50&sort=recency&subcategory2_uid=531770282584862733&t=0&client_hires=10-&page=15
https://www.upwork.com/ab/jobs/search/url?per_page=50&sort=recency&subcategory2_uid=531770282584862733&t=0&client_hires=10-&page=16
https://www.upwork.com/ab/jobs/search/url?per_page=50&sort=recency&subcategory2_uid=531770282584862733&t=0&client_hires=10-&page=17
https://www.upwork.com/ab/jobs/search/url?per_page=50&sort=recency&subcategory2_uid=531770282584862733&t=0&client_hires=10-&page=18
https://www.upwork.com/ab/jobs/search/url?per_page=50&sort=recency&subcategory2_uid=531770282584862733&t=0&client_hires=10-&page=19
https://www.upwork.com/ab/jobs/search/url?per_page=50&sort=recency&subcategory2_uid=531770282584862733&t=0&client_hires=10-&page=20
https://www.upwork.com/ab/jobs/search/url?per_page=50&sort=recency&subcategory2_uid=531770282584862733&t=0&client_hires=10-&page=21
https://www.upwork.com/ab/jobs/search/url?per_page=50&sort=recency&subcategory2_uid=531770282584862733&t=0&client_hires=10-&page=22
https://www.upwork.com/ab/jobs/search/url?per_page=50&sort=recency&subcategory2_uid=531770282584862733&t=0&client_hires=10-&page=23
https://www.upwork.com/ab/jobs/search/url?per_page=50&sort=recency&subcategory2_uid=531770282584862733&t=0&client_hires=10-&page=24
https://www.upwork.com/ab/jobs/search/url?per_page=50&sort=recency&subcategory2_uid=531770282584862733&t=0&client_hires=10-&page=25
https://www.upwork.com/ab/jobs/search/url?per_page=50&sort=recency&subcategory2_uid=531770282584862733&t=0&client_hires=10-&page=26
https://www.upwork.com/ab/jobs/search/url?per_page=50&sort=recency&subcategory2_uid=531770282584862733&t=0&client_hires=10-&page=27
https://www.upwork.com/ab/jobs/search/url?per_page=50&sort=recency&subcategory2_uid=531770282584862733&t=0&client_hires=10-&page=28
https://www.upwork.com/ab/jobs/search/url?per_page=50&sort=recency&subcategory2_uid=531770282584862733&t=0&client_hires=10-&page=29
https://www.upwork.com/ab/jobs/search/url?per_page=50&sort=recency&subcategory2_uid=531770282584862733&t=0&client_hires=10-&page=30
https://www.upwork.com/ab/jobs/search/url?per_page=50&sort=recency&subcategory2_uid=531770282584862733&t=0&client_hires=10-&page=31
https://www.upwork.com/ab/jobs/search/url?per_page=50&sort=recency&subcategory2_uid=531770282584862733&t=0&client_hires=10-&page=32
https://www.upwork.com/ab/jobs/search/url?per_page=50&sort=recency&subcategory2_uid=531770282584862733&t=0&client_hires=10-&page=33
https://www.upwork.com/ab/jobs/search/url?per_page=50&sort=recency&subcategory2_uid=531770282584862733&t=0&client_hires=10-&page=34
https://www.upwork.com/ab/jobs/search/url?per_page=50&sort=recency&subcategory2_uid=531770282584862733&t=0&client_hires=10-&page=35
https://www.upwork.com/ab/jobs/search/url?per_page=50&sort=recency&subcategory2_uid=531770282584862733&t=0&client_hires=10-&page=36
https://www.upwork.com/ab/jobs/search/url?per_page=50&sort=recency&subcategory2_uid=531770282584862733&t=0&client_hires=10-&page=37
https://www.upwork.com/ab/jobs/search/url?per_page=50&sort=recency&subcategory2_uid=531770282584862733&t=0&client_hires=10-&page=38
https://www.upwork.com/ab/jobs/search/url?per_page=50&sort=recency&subcategory2_uid=531770282584862733&t=0&client_hires=10-&page=39
https://www.upwork.com/ab/jobs/search/url?per_page=50&sort=recency&subcategory2_uid=531770282584862733&t=0&client_hires=10-&page=40
https://www.upwork.com/ab/jobs/search/url?per_page=50&sort=recency&subcategory2_uid=531770282584862733&t=0&client_hires=10-&page=41
https://www.upwork.com/ab/jobs/search/url?per_page=50&sort=recency&subcategory2_uid=531770282584862733&t=0&client_hires=10-&page=42
https://www.upwork.com/ab/jobs/search/url?per_page=50&sort=recency&subcategory2_uid=531770282584862733&t=0&client_hires=10-&page=43
https://www.upwork.com/ab/jobs/search/url?per_page=50&sort=recency&subcategory2_uid=531770282584862733&t=0&client_hires=10-&page=44
https://www.upwork.com/ab/jobs/search/url?per_page=50&sort=recency&subcategory2_uid=531770282584862733&t=0&client_hires=10-&page=45
https://www.upwork.com/ab/jobs/search/url?per_page=50&sort=recency&subcategory2_uid=531770282584862733&t=0&client_hires=10-&page=46
https://www.upwork.com/ab/jobs/search/url?per_page=50&sort=recency&subcategory2_uid=531770282584862733&t=0&client_hires=10-&page=47
https://www.upwork.com/ab/jobs/search/url?per_page=50&sort=recency&subcategory2_uid=531770282584862733&t=0&client_hires=10-&page=48
https://www.upwork.com/ab/jobs/search/url?per_page=50&sort=recency&subcategory2_uid=531770282584862733&t=0&client_hires=10-&page=49
https://www.upwork.com/ab/jobs/search/url?per_page=50&sort=recency&subcategory2_uid=531770282584862733&t=0&client_hires=10-&page=50
https://www.upwork.com/ab/jobs/search/url?per_page=50&sort=recency&subcategory2_uid=531770282584862733&t=0&client_hires=10-&page=51
https://www.upwork.com/ab/jobs/search/url?per_page=50&sort=recency&subcategory2_uid=531770282584862733&t=0&client_hires=10-&page=52
https://www.upwork.com/ab/jobs/search/url?per_page=50&sort=recency&subcategory2_uid=531770282584862733&t=0&client_hires=10-&page=53
https://www.upwork.com/ab/jobs/search/url?per_page=50&sort=recency&subcategory2_uid=531770282584862733&t=0&client_hires=10-&page=54
https://www.upwork.com/ab/jobs/search/url?per_page=50&sort=recency&subcategory2_uid=531770282584862733&t=0&client_hires=10-&page=55
https://www.upwork.com/ab/jobs/search/url?per_page=50&sort=recency&subcategory2_uid=531770282584862733&t=0&client_hires=10-&page=56
https://www.upwork.com/ab/jobs/search/url?per_page=50&sort=recency&subcategory2_uid=531770282584862733&t=0&client_hires=10-&page=57
https://www.upwork.com/ab/jobs/search/url?per_page=50&sort=recency&subcategory2_uid=531770282584862733&t=0&client_hires=10-&page=58
https://www.upwork.com/ab/jobs/search/url?per_page=50&sort=recency&subcategory2_uid=531770282584862733&t=0&client_hires=10-&page=59
https://www.upwork.com/ab/jobs/search/url?per_page=50&sort=recency&subcategory2_uid=531770282584862733&t=0&client_hires=10-&page=60
https://www.upwork.com/ab/jobs/search/url?per_page=50&sort=recency&subcategory2_uid=531770282584862733&t=0&client_hires=10-&page=61
https://www.upwork.com/ab/jobs/search/url?per_page=50&sort=recency&subcategory2_uid=531770282584862733&t=0&client_hires=10-&page=62
https://www.upwork.com/ab/jobs/search/url?per_page=50&sort=recency&subcategory2_uid=531770282584862733&t=0&client_hires=10-&page=63
https://www.upwork.com/ab/jobs/search/url?per_page=50&sort=recency&subcategory2_uid=531770282584862733&t=0&client_hires=10-&page=64
https://www.upwork.com/ab/jobs/search/url?per_page=50&sort=recency&subcategory2_uid=531770282584862733&t=0&client_hires=10-&page=65
https://www.upwork.com/ab/jobs/search/url?per_page=50&sort=recency&subcategory2_uid=531770282584862733&t=0&client_hires=10-&page=66
https://www.upwork.com/ab/jobs/search/url?per_page=50&sort=recency&subcategory2_uid=531770282584862733&t=0&client_hires=10-&page=67
https://www.upwork.com/ab/jobs/search/url?per_page=50&sort=recency&subcategory2_uid=531770282584862733&t=0&client_hires=10-&page=68
https://www.upwork.com/ab/jobs/search/url?per_page=50&sort=recency&subcategory2_uid=531770282584862733&t=0&client_hires=10-&page=69
https://www.upwork.com/ab/jobs/search/url?per_page=50&sort=recency&subcategory2_uid=531770282584862733&t=0&client_hires=10-&page=70
https://www.upwork.com/ab/jobs/search/url?per_page=50&sort=recency&subcategory2_uid=531770282584862733&t=0&client_hires=10-&page=71
https://www.upwork.com/ab/jobs/search/url?per_page=50&sort=recency&subcategory2_uid=531770282584862733&t=0&client_hires=10-&page=72
https://www.upwork.com/ab/jobs/search/url?per_page=50&sort=recency&subcategory2_uid=531770282584862733&t=0&client_hires=10-&page=73
https://www.upwork.com/ab/jobs/search/url?per_page=50&sort=recency&subcategory2_uid=531770282584862733&t=0&client_hires=10-&page=74
https://www.upwork.com/ab/jobs/search/url?per_page=50&sort=recency&subcategory2_uid=531770282584862733&t=0&client_hires=10-&page=75
https://www.upwork.com/ab/jobs/search/url?per_page=50&sort=recency&subcategory2_uid=531770282584862733&t=0&client_hires=10-&page=76
https://www.upwork.com/ab/jobs/search/url?per_page=50&sort=recency&subcategory2_uid=531770282584862733&t=0&client_hires=10-&page=77
https://www.upwork.com/ab/jobs/search/url?per_page=50&sort=recency&subcategory2_uid=531770282584862733&t=0&client_hires=10-&page=78
https://www.upwork.com/ab/jobs/search/url?per_page=50&sort=recency&subcategory2_uid=531770282584862733&t=0&client_hires=10-&page=79
https://www.upwork.com/ab/jobs/search/url?per_page=50&sort=recency&subcategory2_uid=531770282584862733&t=0&client_hires=10-&page=80
https://www.upwork.com/ab/jobs/search/url?per_page=50&sort=recency&subcategory2_uid=531770282584862733&t=0&client_hires=10-&page=81
https://www.upwork.com/ab/jobs/search/url?per_page=50&sort=recency&subcategory2_uid=531770282584862733&t=0&client_hires=10-&page=82
***
https://www.upwork.com/ab/jobs/search/url?per_page=50&sort=recency&subcategory2_uid=531770282584862733&t=1&client_hires=0
https://www.upwork.com/ab/jobs/search/url?per_page=50&sort=recency&subcategory2_uid=531770282584862733&t=1&client_hires=0&page=2
https://www.upwork.com/ab/jobs/search/url?per_page=50&sort=recency&subcategory2_uid=531770282584862733&t=1&client_hires=0&page=3
https://www.upwork.com/ab/jobs/search/url?per_page=50&sort=recency&subcategory2_uid=531770282584862733&t=1&client_hires=0&page=4
https://www.upwork.com/ab/jobs/search/url?per_page=50&sort=recency&subcategory2_uid=531770282584862733&t=1&client_hires=0&page=5
https://www.upwork.com/ab/jobs/search/url?per_page=50&sort=recency&subcategory2_uid=531770282584862733&t=1&client_hires=0&page=6
https://www.upwork.com/ab/jobs/search/url?per_page=50&sort=recency&subcategory2_uid=531770282584862733&t=1&client_hires=0&page=7
https://www.upwork.com/ab/jobs/search/url?per_page=50&sort=recency&subcategory2_uid=531770282584862733&t=1&client_hires=0&page=8
https://www.upwork.com/ab/jobs/search/url?per_page=50&sort=recency&subcategory2_uid=531770282584862733&t=1&client_hires=0&page=9
https://www.upwork.com/ab/jobs/search/url?per_page=50&sort=recency&subcategory2_uid=531770282584862733&t=1&client_hires=0&page=10
https://www.upwork.com/ab/jobs/search/url?per_page=50&sort=recency&subcategory2_uid=531770282584862733&t=1&client_hires=0&page=11
https://www.upwork.com/ab/jobs/search/url?per_page=50&sort=recency&subcategory2_uid=531770282584862733&t=1&client_hires=0&page=12
https://www.upwork.com/ab/jobs/search/url?per_page=50&sort=recency&subcategory2_uid=531770282584862733&t=1&client_hires=0&page=13
https://www.upwork.com/ab/jobs/search/url?per_page=50&sort=recency&subcategory2_uid=531770282584862733&t=1&client_hires=0&page=14
https://www.upwork.com/ab/jobs/search/url?per_page=50&sort=recency&subcategory2_uid=531770282584862733&t=1&client_hires=0&page=15
https://www.upwork.com/ab/jobs/search/url?per_page=50&sort=recency&subcategory2_uid=531770282584862733&t=1&client_hires=0&page=16
https://www.upwork.com/ab/jobs/search/url?per_page=50&sort=recency&subcategory2_uid=531770282584862733&t=1&client_hires=0&page=17
https://www.upwork.com/ab/jobs/search/url?per_page=50&sort=recency&subcategory2_uid=531770282584862733&t=1&client_hires=0&page=18
https://www.upwork.com/ab/jobs/search/url?per_page=50&sort=recency&subcategory2_uid=531770282584862733&t=1&client_hires=0&page=19
https://www.upwork.com/ab/jobs/search/url?per_page=50&sort=recency&subcategory2_uid=531770282584862733&t=1&client_hires=0&page=20
https://www.upwork.com/ab/jobs/search/url?per_page=50&sort=recency&subcategory2_uid=531770282584862733&t=1&client_hires=0&page=21
https://www.upwork.com/ab/jobs/search/url?per_page=50&sort=recency&subcategory2_uid=531770282584862733&t=1&client_hires=0&page=22
https://www.upwork.com/ab/jobs/search/url?per_page=50&sort=recency&subcategory2_uid=531770282584862733&t=1&client_hires=0&page=23
https://www.upwork.com/ab/jobs/search/url?per_page=50&sort=recency&subcategory2_uid=531770282584862733&t=1&client_hires=0&page=24
https://www.upwork.com/ab/jobs/search/url?per_page=50&sort=recency&subcategory2_uid=531770282584862733&t=1&client_hires=0&page=25
https://www.upwork.com/ab/jobs/search/url?per_page=50&sort=recency&subcategory2_uid=531770282584862733&t=1&client_hires=0&page=26
https://www.upwork.com/ab/jobs/search/url?per_page=50&sort=recency&subcategory2_uid=531770282584862733&t=1&client_hires=0&page=27
https://www.upwork.com/ab/jobs/search/url?per_page=50&sort=recency&subcategory2_uid=531770282584862733&t=1&client_hires=0&page=28
https://www.upwork.com/ab/jobs/search/url?per_page=50&sort=recency&subcategory2_uid=531770282584862733&t=1&client_hires=0&page=29
https://www.upwork.com/ab/jobs/search/url?per_page=50&sort=recency&subcategory2_uid=531770282584862733&t=1&client_hires=0&page=30
https://www.upwork.com/ab/jobs/search/url?per_page=50&sort=recency&subcategory2_uid=531770282584862733&t=1&client_hires=0&page=31
https://www.upwork.com/ab/jobs/search/url?per_page=50&sort=recency&subcategory2_uid=531770282584862733&t=1&client_hires=0&page=32
https://www.upwork.com/ab/jobs/search/url?per_page=50&sort=recency&subcategory2_uid=531770282584862733&t=1&client_hires=0&page=33
https://www.upwork.com/ab/jobs/search/url?per_page=50&sort=recency&subcategory2_uid=531770282584862733&t=1&client_hires=0&page=34
https://www.upwork.com/ab/jobs/search/url?per_page=50&sort=recency&subcategory2_uid=531770282584862733&t=1&client_hires=0&page=35
https://www.upwork.com/ab/jobs/search/url?per_page=50&sort=recency&subcategory2_uid=531770282584862733&t=1&client_hires=0&page=36
https://www.upwork.com/ab/jobs/search/url?per_page=50&sort=recency&subcategory2_uid=531770282584862733&t=1&client_hires=0&page=37
https://www.upwork.com/ab/jobs/search/url?per_page=50&sort=recency&subcategory2_uid=531770282584862733&t=1&client_hires=0&page=38
https://www.upwork.com/ab/jobs/search/url?per_page=50&sort=recency&subcategory2_uid=531770282584862733&t=1&client_hires=0&page=39
https://www.upwork.com/ab/jobs/search/url?per_page=50&sort=recency&subcategory2_uid=531770282584862733&t=1&client_hires=0&page=40
https://www.upwork.com/ab/jobs/search/url?per_page=50&sort=recency&subcategory2_uid=531770282584862733&t=1&client_hires=0&page=41
https://www.upwork.com/ab/jobs/search/url?per_page=50&sort=recency&subcategory2_uid=531770282584862733&t=1&client_hires=0&page=42
https://www.upwork.com/ab/jobs/search/url?per_page=50&sort=recency&subcategory2_uid=531770282584862733&t=1&client_hires=0&page=43
https://www.upwork.com/ab/jobs/search/url?per_page=50&sort=recency&subcategory2_uid=531770282584862733&t=1&client_hires=0&page=44
https://www.upwork.com/ab/jobs/search/url?per_page=50&sort=recency&subcategory2_uid=531770282584862733&t=1&client_hires=0&page=45
https://www.upwork.com/ab/jobs/search/url?per_page=50&sort=recency&subcategory2_uid=531770282584862733&t=1&client_hires=0&page=46
https://www.upwork.com/ab/jobs/search/url?per_page=50&sort=recency&subcategory2_uid=531770282584862733&t=1&client_hires=0&page=47
https://www.upwork.com/ab/jobs/search/url?per_page=50&sort=recency&subcategory2_uid=531770282584862733&t=1&client_hires=0&page=48
https://www.upwork.com/ab/jobs/search/url?per_page=50&sort=recency&subcategory2_uid=531770282584862733&t=1&client_hires=0&page=49
https://www.upwork.com/ab/jobs/search/url?per_page=50&sort=recency&subcategory2_uid=531770282584862733&t=1&client_hires=0&page=50
https://www.upwork.com/ab/jobs/search/url?per_page=50&sort=recency&subcategory2_uid=531770282584862733&t=1&client_hires=0&page=51
***
https://www.upwork.com/ab/jobs/search/url?per_page=50&sort=recency&subcategory2_uid=531770282584862733&t=1&client_hires=1-9
https://www.upwork.com/ab/jobs/search/url?per_page=50&sort=recency&subcategory2_uid=531770282584862733&t=1&client_hires=1-9&page=2
https://www.upwork.com/ab/jobs/search/url?per_page=50&sort=recency&subcategory2_uid=531770282584862733&t=1&client_hires=1-9&page=3
https://www.upwork.com/ab/jobs/search/url?per_page=50&sort=recency&subcategory2_uid=531770282584862733&t=1&client_hires=1-9&page=4
https://www.upwork.com/ab/jobs/search/url?per_page=50&sort=recency&subcategory2_uid=531770282584862733&t=1&client_hires=1-9&page=5
https://www.upwork.com/ab/jobs/search/url?per_page=50&sort=recency&subcategory2_uid=531770282584862733&t=1&client_hires=1-9&page=6
https://www.upwork.com/ab/jobs/search/url?per_page=50&sort=recency&subcategory2_uid=531770282584862733&t=1&client_hires=1-9&page=7
https://www.upwork.com/ab/jobs/search/url?per_page=50&sort=recency&subcategory2_uid=531770282584862733&t=1&client_hires=1-9&page=8
https://www.upwork.com/ab/jobs/search/url?per_page=50&sort=recency&subcategory2_uid=531770282584862733&t=1&client_hires=1-9&page=9
https://www.upwork.com/ab/jobs/search/url?per_page=50&sort=recency&subcategory2_uid=531770282584862733&t=1&client_hires=1-9&page=10
https://www.upwork.com/ab/jobs/search/url?per_page=50&sort=recency&subcategory2_uid=531770282584862733&t=1&client_hires=1-9&page=11
https://www.upwork.com/ab/jobs/search/url?per_page=50&sort=recency&subcategory2_uid=531770282584862733&t=1&client_hires=1-9&page=12
https://www.upwork.com/ab/jobs/search/url?per_page=50&sort=recency&subcategory2_uid=531770282584862733&t=1&client_hires=1-9&page=13
https://www.upwork.com/ab/jobs/search/url?per_page=50&sort=recency&subcategory2_uid=531770282584862733&t=1&client_hires=1-9&page=14
https://www.upwork.com/ab/jobs/search/url?per_page=50&sort=recency&subcategory2_uid=531770282584862733&t=1&client_hires=1-9&page=15
https://www.upwork.com/ab/jobs/search/url?per_page=50&sort=recency&subcategory2_uid=531770282584862733&t=1&client_hires=1-9&page=16
https://www.upwork.com/ab/jobs/search/url?per_page=50&sort=recency&subcategory2_uid=531770282584862733&t=1&client_hires=1-9&page=17
https://www.upwork.com/ab/jobs/search/url?per_page=50&sort=recency&subcategory2_uid=531770282584862733&t=1&client_hires=1-9&page=18
https://www.upwork.com/ab/jobs/search/url?per_page=50&sort=recency&subcategory2_uid=531770282584862733&t=1&client_hires=1-9&page=19
https://www.upwork.com/ab/jobs/search/url?per_page=50&sort=recency&subcategory2_uid=531770282584862733&t=1&client_hires=1-9&page=20
https://www.upwork.com/ab/jobs/search/url?per_page=50&sort=recency&subcategory2_uid=531770282584862733&t=1&client_hires=1-9&page=21
https://www.upwork.com/ab/jobs/search/url?per_page=50&sort=recency&subcategory2_uid=531770282584862733&t=1&client_hires=1-9&page=22
https://www.upwork.com/ab/jobs/search/url?per_page=50&sort=recency&subcategory2_uid=531770282584862733&t=1&client_hires=1-9&page=23
https://www.upwork.com/ab/jobs/search/url?per_page=50&sort=recency&subcategory2_uid=531770282584862733&t=1&client_hires=1-9&page=24
https://www.upwork.com/ab/jobs/search/url?per_page=50&sort=recency&subcategory2_uid=531770282584862733&t=1&client_hires=1-9&page=25
https://www.upwork.com/ab/jobs/search/url?per_page=50&sort=recency&subcategory2_uid=531770282584862733&t=1&client_hires=1-9&page=26
https://www.upwork.com/ab/jobs/search/url?per_page=50&sort=recency&subcategory2_uid=531770282584862733&t=1&client_hires=1-9&page=27
https://www.upwork.com/ab/jobs/search/url?per_page=50&sort=recency&subcategory2_uid=531770282584862733&t=1&client_hires=1-9&page=28
https://www.upwork.com/ab/jobs/search/url?per_page=50&sort=recency&subcategory2_uid=531770282584862733&t=1&client_hires=1-9&page=29
https://www.upwork.com/ab/jobs/search/url?per_page=50&sort=recency&subcategory2_uid=531770282584862733&t=1&client_hires=1-9&page=30
https://www.upwork.com/ab/jobs/search/url?per_page=50&sort=recency&subcategory2_uid=531770282584862733&t=1&client_hires=1-9&page=31
https://www.upwork.com/ab/jobs/search/url?per_page=50&sort=recency&subcategory2_uid=531770282584862733&t=1&client_hires=1-9&page=32
https://www.upwork.com/ab/jobs/search/url?per_page=50&sort=recency&subcategory2_uid=531770282584862733&t=1&client_hires=1-9&page=33
https://www.upwork.com/ab/jobs/search/url?per_page=50&sort=recency&subcategory2_uid=531770282584862733&t=1&client_hires=1-9&page=34
https://www.upwork.com/ab/jobs/search/url?per_page=50&sort=recency&subcategory2_uid=531770282584862733&t=1&client_hires=1-9&page=35
https://www.upwork.com/ab/jobs/search/url?per_page=50&sort=recency&subcategory2_uid=531770282584862733&t=1&client_hires=1-9&page=36
https://www.upwork.com/ab/jobs/search/url?per_page=50&sort=recency&subcategory2_uid=531770282584862733&t=1&client_hires=1-9&page=37
https://www.upwork.com/ab/jobs/search/url?per_page=50&sort=recency&subcategory2_uid=531770282584862733&t=1&client_hires=1-9&page=38
https://www.upwork.com/ab/jobs/search/url?per_page=50&sort=recency&subcategory2_uid=531770282584862733&t=1&client_hires=1-9&page=39
***
https://www.upwork.com/ab/jobs/search/url?per_page=50&sort=recency&subcategory2_uid=531770282584862733&t=1&client_hires=10-
https://www.upwork.com/ab/jobs/search/url?per_page=50&sort=recency&subcategory2_uid=531770282584862733&t=1&client_hires=10-&page=2
https://www.upwork.com/ab/jobs/search/url?per_page=50&sort=recency&subcategory2_uid=531770282584862733&t=1&client_hires=10-&page=3
https://www.upwork.com/ab/jobs/search/url?per_page=50&sort=recency&subcategory2_uid=531770282584862733&t=1&client_hires=10-&page=4
https://www.upwork.com/ab/jobs/search/url?per_page=50&sort=recency&subcategory2_uid=531770282584862733&t=1&client_hires=10-&page=5
https://www.upwork.com/ab/jobs/search/url?per_page=50&sort=recency&subcategory2_uid=531770282584862733&t=1&client_hires=10-&page=6
https://www.upwork.com/ab/jobs/search/url?per_page=50&sort=recency&subcategory2_uid=531770282584862733&t=1&client_hires=10-&page=7
https://www.upwork.com/ab/jobs/search/url?per_page=50&sort=recency&subcategory2_uid=531770282584862733&t=1&client_hires=10-&page=8
https://www.upwork.com/ab/jobs/search/url?per_page=50&sort=recency&subcategory2_uid=531770282584862733&t=1&client_hires=10-&page=9
https://www.upwork.com/ab/jobs/search/url?per_page=50&sort=recency&subcategory2_uid=531770282584862733&t=1&client_hires=10-&page=10
https://www.upwork.com/ab/jobs/search/url?per_page=50&sort=recency&subcategory2_uid=531770282584862733&t=1&client_hires=10-&page=11
https://www.upwork.com/ab/jobs/search/url?per_page=50&sort=recency&subcategory2_uid=531770282584862733&t=1&client_hires=10-&page=12
https://www.upwork.com/ab/jobs/search/url?per_page=50&sort=recency&subcategory2_uid=531770282584862733&t=1&client_hires=10-&page=13
https://www.upwork.com/ab/jobs/search/url?per_page=50&sort=recency&subcategory2_uid=531770282584862733&t=1&client_hires=10-&page=14
https://www.upwork.com/ab/jobs/search/url?per_page=50&sort=recency&subcategory2_uid=531770282584862733&t=1&client_hires=10-&page=15
https://www.upwork.com/ab/jobs/search/url?per_page=50&sort=recency&subcategory2_uid=531770282584862733&t=1&client_hires=10-&page=16
https://www.upwork.com/ab/jobs/search/url?per_page=50&sort=recency&subcategory2_uid=531770282584862733&t=1&client_hires=10-&page=17
https://www.upwork.com/ab/jobs/search/url?per_page=50&sort=recency&subcategory2_uid=531770282584862733&t=1&client_hires=10-&page=18
https://www.upwork.com/ab/jobs/search/url?per_page=50&sort=recency&subcategory2_uid=531770282584862733&t=1&client_hires=10-&page=19
https://www.upwork.com/ab/jobs/search/url?per_page=50&sort=recency&subcategory2_uid=531770282584862733&t=1&client_hires=10-&page=20
https://www.upwork.com/ab/jobs/search/url?per_page=50&sort=recency&subcategory2_uid=531770282584862733&t=1&client_hires=10-&page=21
https://www.upwork.com/ab/jobs/search/url?per_page=50&sort=recency&subcategory2_uid=531770282584862733&t=1&client_hires=10-&page=22
https://www.upwork.com/ab/jobs/search/url?per_page=50&sort=recency&subcategory2_uid=531770282584862733&t=1&client_hires=10-&page=23
https://www.upwork.com/ab/jobs/search/url?per_page=50&sort=recency&subcategory2_uid=531770282584862733&t=1&client_hires=10-&page=24
https://www.upwork.com/ab/jobs/search/url?per_page=50&sort=recency&subcategory2_uid=531770282584862733&t=1&client_hires=10-&page=25
https://www.upwork.com/ab/jobs/search/url?per_page=50&sort=recency&subcategory2_uid=531770282584862733&t=1&client_hires=10-&page=26
https://www.upwork.com/ab/jobs/search/url?per_page=50&sort=recency&subcategory2_uid=531770282584862733&t=1&client_hires=10-&page=27
https://www.upwork.com/ab/jobs/search/url?per_page=50&sort=recency&subcategory2_uid=531770282584862733&t=1&client_hires=10-&page=28
https://www.upwork.com/ab/jobs/search/url?per_page=50&sort=recency&subcategory2_uid=531770282584862733&t=1&client_hires=10-&page=29
https://www.upwork.com/ab/jobs/search/url?per_page=50&sort=recency&subcategory2_uid=531770282584862733&t=1&client_hires=10-&page=30
https://www.upwork.com/ab/jobs/search/url?per_page=50&sort=recency&subcategory2_uid=531770282584862733&t=1&client_hires=10-&page=31
https://www.upwork.com/ab/jobs/search/url?per_page=50&sort=recency&subcategory2_uid=531770282584862733&t=1&client_hires=10-&page=32
https://www.upwork.com/ab/jobs/search/url?per_page=50&sort=recency&subcategory2_uid=531770282584862733&t=1&client_hires=10-&page=33
https://www.upwork.com/ab/jobs/search/url?per_page=50&sort=recency&subcategory2_uid=531770282584862733&t=1&client_hires=10-&page=34
https://www.upwork.com/ab/jobs/search/url?per_page=50&sort=recency&subcategory2_uid=531770282584862733&t=1&client_hires=10-&page=35
https://www.upwork.com/ab/jobs/search/url?per_page=50&sort=recency&subcategory2_uid=531770282584862733&t=1&client_hires=10-&page=36
https://www.upwork.com/ab/jobs/search/url?per_page=50&sort=recency&subcategory2_uid=531770282584862733&t=1&client_hires=10-&page=37
https://www.upwork.com/ab/jobs/search/url?per_page=50&sort=recency&subcategory2_uid=531770282584862733&t=1&client_hires=10-&page=38
https://www.upwork.com/ab/jobs/search/url?per_page=50&sort=recency&subcategory2_uid=531770282584862733&t=1&client_hires=10-&page=39
https://www.upwork.com/ab/jobs/search/url?per_page=50&sort=recency&subcategory2_uid=531770282584862733&t=1&client_hires=10-&page=40
https://www.upwork.com/ab/jobs/search/url?per_page=50&sort=recency&subcategory2_uid=531770282584862733&t=1&client_hires=10-&page=41
https://www.upwork.com/ab/jobs/search/url?per_page=50&sort=recency&subcategory2_uid=531770282584862733&t=1&client_hires=10-&page=42
https://www.upwork.com/ab/jobs/search/url?per_page=50&sort=recency&subcategory2_uid=531770282584862733&t=1&client_hires=10-&page=43
https://www.upwork.com/ab/jobs/search/url?per_page=50&sort=recency&subcategory2_uid=531770282584862733&t=1&client_hires=10-&page=44
https://www.upwork.com/ab/jobs/search/url?per_page=50&sort=recency&subcategory2_uid=531770282584862733&t=1&client_hires=10-&page=45
https://www.upwork.com/ab/jobs/search/url?per_page=50&sort=recency&subcategory2_uid=531770282584862733&t=1&client_hires=10-&page=46
https://www.upwork.com/ab/jobs/search/url?per_page=50&sort=recency&subcategory2_uid=531770282584862733&t=1&client_hires=10-&page=47
https://www.upwork.com/ab/jobs/search/url?per_page=50&sort=recency&subcategory2_uid=531770282584862733&t=1&client_hires=10-&page=48
https://www.upwork.com/ab/jobs/search/url?per_page=50&sort=recency&subcategory2_uid=531770282584862733&t=1&client_hires=10-&page=49
https://www.upwork.com/ab/jobs/search/url?per_page=50&sort=recency&subcategory2_uid=531770282584862733&t=1&client_hires=10-&page=50
https://www.upwork.com/ab/jobs/search/url?per_page=50&sort=recency&subcategory2_uid=531770282584862733&t=1&client_hires=10-&page=51
https://www.upwork.com/ab/jobs/search/url?per_page=50&sort=recency&subcategory2_uid=531770282584862733&t=1&client_hires=10-&page=52
https://www.upwork.com/ab/jobs/search/url?per_page=50&sort=recency&subcategory2_uid=531770282584862733&t=1&client_hires=10-&page=53
https://www.upwork.com/ab/jobs/search/url?per_page=50&sort=recency&subcategory2_uid=531770282584862733&t=1&client_hires=10-&page=54
https://www.upwork.com/ab/jobs/search/url?per_page=50&sort=recency&subcategory2_uid=531770282584862733&t=1&client_hires=10-&page=55
https://www.upwork.com/ab/jobs/search/url?per_page=50&sort=recency&subcategory2_uid=531770282584862733&t=1&client_hires=10-&page=56
https://www.upwork.com/ab/jobs/search/url?per_page=50&sort=recency&subcategory2_uid=531770282584862733&t=1&client_hires=10-&page=57
https://www.upwork.com/ab/jobs/search/url?per_page=50&sort=recency&subcategory2_uid=531770282584862733&t=1&client_hires=10-&page=58
https://www.upwork.com/ab/jobs/search/url?per_page=50&sort=recency&subcategory2_uid=531770282584862733&t=1&client_hires=10-&page=59
https://www.upwork.com/ab/jobs/search/url?per_page=50&sort=recency&subcategory2_uid=531770282584862733&t=1&client_hires=10-&page=60
***
