21.06.2020 09.30
02.10.2020 17.57
02.10.2020 17.58
02.10.2020 18.12
11.07.2021 19.29
11.07.2021 19.29
11.07.2021 19.39
11.07.2021 19.50
11.07.2021 20.00
11.07.2021 20.11
07.08.2021 18.26
07.08.2021 18.26
07.08.2021 18.37
07.08.2021 18.47
07.08.2021 18.58
07.08.2021 19.08
01.11.2021 15.13
01.11.2021 15.14
01.11.2021 15.24
01.11.2021 15.35
01.11.2021 15.45
01.11.2021 15.55
06.11.2021 21.26
06.11.2021 21.46
07.11.2021 18.47
21.11.2021 15.08
21.11.2021 15.27
21.11.2021 15.47
21.11.2021 16.17
21.11.2021 16.37
21.11.2021 16.58
21.11.2021 17.19
21.11.2021 17.37
21.11.2021 17.56
28.11.2021 00.45
28.11.2021 00.59
28.11.2021 09.53
28.11.2021 12.51
28.11.2021 13.10
28.11.2021 13.28
28.11.2021 13.47
28.11.2021 14.02
08.12.2021 23.25
08.12.2021 23.46
09.12.2021 00.11
09.12.2021 00.33
09.12.2021 00.54
09.12.2021 01.16
09.12.2021 01.43
09.12.2021 02.05
09.12.2021 02.26
09.12.2021 02.51
09.12.2021 03.14
09.12.2021 03.38
09.12.2021 04.04
09.12.2021 04.24
09.12.2021 04.52
09.12.2021 05.13
15.12.2021 22.09
15.12.2021 22.29
19.12.2021 01.45
19.12.2021 01.57
19.12.2021 02.15
19.12.2021 02.33
19.12.2021 02.54
19.12.2021 03.10
19.12.2021 03.27
19.12.2021 03.45
19.12.2021 04.03
19.12.2021 04.19
19.12.2021 04.37
19.12.2021 04.55
19.12.2021 05.13
19.12.2021 05.28
19.12.2021 05.49
19.12.2021 06.08
19.12.2021 06.26
19.12.2021 06.41
19.12.2021 06.58
19.12.2021 07.17
19.12.2021 07.35
19.12.2021 07.50
19.12.2021 08.09
19.12.2021 08.27
19.12.2021 08.46
25.12.2021 19.23
25.12.2021 19.37
02.01.2022 06.23
02.01.2022 06.47
02.01.2022 07.07
02.01.2022 07.28
02.01.2022 07.48
02.01.2022 08.07
02.01.2022 08.28
07.01.2022 07.50
07.01.2022 10.59
07.01.2022 11.11
07.01.2022 11.25
07.01.2022 11.43
07.01.2022 12.00
07.01.2022 12.17
07.01.2022 12.42
07.01.2022 12.58
07.01.2022 13.15
07.01.2022 13.30
